<?xml version="1.0" encoding="UTF-8"?>
<!-- Generated by org.testng.reporters.JUnitReportReporter -->
<testsuite hostname="Aman" failures="0" tests="1" name="com.abc.magento.Demo" time="59.535" errors="0" timestamp="10 Apr 2019 16:17:01 GMT" skipped="0">
  <testcase classname="com.abc.magento.Demo" name="method1" time="59.535"/>
</testsuite> <!-- com.abc.magento.Demo -->
